<?xml version="1.0" encoding="UTF-8"?>
<!-- Generated by org.testng.reporters.JUnitReportReporter -->
<testsuite hostname="PRFT-16802" failures="0" tests="1" name="xbox.testcases.XboxVerifyGames" time="5.725" errors="0" timestamp="28 Jan 2022 20:18:42 GMT">
  <testcase classname="xbox.testcases.XboxVerifyGames" name="test2" time="5.725"/>
</testsuite> <!-- xbox.testcases.XboxVerifyGames -->
