<?xml version="1.0" encoding="UTF-8"?>
<!-- Generated by org.testng.reporters.JUnitReportReporter -->
<testsuite hostname="PRFT-13975" failures="0" tests="1" name="xbox.testcases.XboxLeaderboardTest" time="7.686" errors="0" timestamp="27 Jan 2022 22:45:52 GMT">
  <testcase classname="xbox.testcases.XboxLeaderboardTest" name="leaderboardTest" time="7.686"/>
</testsuite> <!-- xbox.testcases.XboxLeaderboardTest -->
